=================================================================
==1996==ERROR: AddressSanitizer: heap-buffer-overflow on address 0x129103730000 at pc 0x7ffd4618a7da bp 0x00b81eff8c20 sp 0x00b81eff8c68
READ of size 8 at 0x129103730000 thread T0
    #0 0x7ffd4618a7d9 in v8::internal::`anonymous namespace'::TypedElementsAccessor<v8::internal::FLOAT64_ELEMENTS,double>::TryCopyElementsFastNumber C:\b\c\b\win_asan_release\src\v8\src\elements.cc:3433:3
    #1 0x7ffd4625ad27 in v8::internal::`anonymous namespace'::ElementsAccessorBase<v8::internal::(anonymous namespace)::TypedElementsAccessor<v8::internal::FLOAT64_ELEMENTS,double>,v8::internal::(anonymous namespace)::ElementsKindTraits<FLOAT64_ELEMENTS> >::CopyElements C:\b\c\b\win_asan_release\src\v8\src\elements.cc:1043:12
    #2 0x7ffd46e7bf69 in v8::internal::Runtime_TypedArrayCopyElements(int,class v8::internal::Object * *,class v8::internal::Isolate *) C:\b\c\b\win_asan_release\src\v8\src\runtime\runtime-typedarray.cc:47:1
    #3 0x1290e34846e0  (<unknown module>)

0x129103730000 is located 6144 bytes to the left of 131072-byte region [0x129103731800,0x129103751800)
freed by thread T0 here:
    #0 0x7ff6d3fda7b0 in free C:\b\rr\tmpf1ermk\w\src\third_party\llvm\projects\compiler-rt\lib\asan\asan_malloc_win.cc:44
    #1 0x7ffd45965b48 in v8::internal::Assembler::~Assembler(void) C:\b\c\b\win_asan_release\src\v8\src\x64\assembler-x64.h:455:25
    #2 0x7ffd4613e989 in v8::internal::Deoptimizer::EnsureCodeForDeoptimizationEntry(class v8::internal::Isolate *,enum v8::internal::Deoptimizer::BailoutType) C:\b\c\b\win_asan_release\src\v8\src\deoptimizer.cc:1991:1
    #3 0x7ffd4613eb7e in v8::internal::Deoptimizer::EnsureCodeForMaxDeoptimizationEntries(class v8::internal::Isolate *) C:\b\c\b\win_asan_release\src\v8\src\deoptimizer.cc:1994:3
    #4 0x7ffd45e4fe70 in v8::internal::compiler::PipelineCompilationJob::PrepareJobImpl(class v8::internal::Isolate *) C:\b\c\b\win_asan_release\src\v8\src\compiler\pipeline.cc:841:3
    #5 0x7ffd459d58f0 in v8::internal::OptimizedCompilationJob::PrepareJob(class v8::internal::Isolate *) C:\b\c\b\win_asan_release\src\v8\src\compiler.cc:210:22
    #6 0x7ffd459db00e in v8::internal::`anonymous namespace'::GetOptimizedCode C:\b\c\b\win_asan_release\src\v8\src\compiler.cc:771:9
    #7 0x7ffd459e962a in v8::internal::Compiler::GetOptimizedCodeForOSR(class v8::internal::Handle<class v8::internal::JSFunction>,class v8::internal::BailoutId,class v8::internal::JavaScriptFrame *) C:\b\c\b\win_asan_release\src\v8\src\compiler.cc:1909:10
    #8 0x7ffd46bfc9a5 in v8::internal::Runtime_CompileForOnStackReplacement(int,class v8::internal::Object * *,class v8::internal::Isolate *) C:\b\c\b\win_asan_release\src\v8\src\runtime\runtime-compiler.cc:221:1
    #9 0x1290e34846e0  (<unknown module>)

previously allocated by thread T0 here:
    #0 0x7ff6d3fda890 in malloc C:\b\rr\tmpf1ermk\w\src\third_party\llvm\projects\compiler-rt\lib\asan\asan_malloc_win.cc:60
    #1 0x7ffd5247a322 in operator new(unsigned __int64) f:\dd\vctools\crt\vcstartup\src\heap\new_scalar.cpp:19
    #2 0x7ffd5247aaa1 in operator new(unsigned __int64,struct std::nothrow_t const &) f:\dd\vctools\crt\vcstartup\src\heap\new_scalar_nothrow.cpp:17
    #3 0x7ffd47201222 in v8::internal::Assembler::GrowBuffer(void) C:\b\c\b\win_asan_release\src\v8\src\x64\assembler-x64.cc:550:17
    #4 0x7ffd4720a466 in v8::internal::Assembler::call(class v8::internal::Label *) C:\b\c\b\win_asan_release\src\v8\src\x64\assembler-x64.cc:963:15
    #5 0x7ffd472424bb in v8::internal::Deoptimizer::TableEntryGenerator::Generate(void) C:\b\c\b\win_asan_release\src\v8\src\x64\deoptimizer-x64.cc:23:3
    #6 0x7ffd4613e836 in v8::internal::Deoptimizer::EnsureCodeForDeoptimizationEntry(class v8::internal::Isolate *,enum v8::internal::Deoptimizer::BailoutType) C:\b\c\b\win_asan_release\src\v8\src\deoptimizer.cc:1977:3
    #7 0x7ffd4613eb7e in v8::internal::Deoptimizer::EnsureCodeForMaxDeoptimizationEntries(class v8::internal::Isolate *) C:\b\c\b\win_asan_release\src\v8\src\deoptimizer.cc:1994:3
    #8 0x7ffd45e4fe70 in v8::internal::compiler::PipelineCompilationJob::PrepareJobImpl(class v8::internal::Isolate *) C:\b\c\b\win_asan_release\src\v8\src\compiler\pipeline.cc:841:3
    #9 0x7ffd459d58f0 in v8::internal::OptimizedCompilationJob::PrepareJob(class v8::internal::Isolate *) C:\b\c\b\win_asan_release\src\v8\src\compiler.cc:210:22
    #10 0x7ffd459db00e in v8::internal::`anonymous namespace'::GetOptimizedCode C:\b\c\b\win_asan_release\src\v8\src\compiler.cc:771:9
    #11 0x7ffd459e962a in v8::internal::Compiler::GetOptimizedCodeForOSR(class v8::internal::Handle<class v8::internal::JSFunction>,class v8::internal::BailoutId,class v8::internal::JavaScriptFrame *) C:\b\c\b\win_asan_release\src\v8\src\compiler.cc:1909:10
    #12 0x7ffd46bfc9a5 in v8::internal::Runtime_CompileForOnStackReplacement(int,class v8::internal::Object * *,class v8::internal::Isolate *) C:\b\c\b\win_asan_release\src\v8\src\runtime\runtime-compiler.cc:221:1
    #13 0x1290e34846e0  (<unknown module>)

SUMMARY: AddressSanitizer: heap-buffer-overflow C:\b\c\b\win_asan_release\src\v8\src\elements.cc:3433:3 in v8::internal::`anonymous namespace'::TypedElementsAccessor<v8::internal::FLOAT64_ELEMENTS,double>::TryCopyElementsFastNumber
Shadow bytes around the buggy address:
  0x0462fa7e5fb0: 00 00 00 00 00 00 00 00 00 00 00 00 00 00 00 00
  0x0462fa7e5fc0: 00 00 00 00 00 00 00 00 00 00 00 00 00 00 00 00
  0x0462fa7e5fd0: 00 00 00 00 00 00 00 00 00 00 00 00 00 00 00 00
  0x0462fa7e5fe0: 00 00 00 00 00 00 00 00 00 00 00 00 00 00 00 00
  0x0462fa7e5ff0: 00 00 00 00 00 00 00 00 00 00 00 00 00 00 00 00
=>0x0462fa7e6000:[fa]fa fa fa fa fa fa fa fa fa fa fa fa fa fa fa
  0x0462fa7e6010: fa fa fa fa fa fa fa fa fa fa fa fa fa fa fa fa
  0x0462fa7e6020: fa fa fa fa fa fa fa fa fa fa fa fa fa fa fa fa
  0x0462fa7e6030: fa fa fa fa fa fa fa fa fa fa fa fa fa fa fa fa
  0x0462fa7e6040: fa fa fa fa fa fa fa fa fa fa fa fa fa fa fa fa
  0x0462fa7e6050: fa fa fa fa fa fa fa fa fa fa fa fa fa fa fa fa
Shadow byte legend (one shadow byte represents 8 application bytes):
  Addressable:           00
  Partially addressable: 01 02 03 04 05 06 07 
  Heap left redzone:       fa
  Freed heap region:       fd
  Stack left redzone:      f1
  Stack mid redzone:       f2
  Stack right redzone:     f3
  Stack after return:      f5
  Stack use after scope:   f8
  Global redzone:          f9
  Global init order:       f6
  Poisoned by user:        f7
  Container overflow:      fc
  Array cookie:            ac
  Intra object redzone:    bb
  ASan internal:           fe
  Left alloca redzone:     ca
  Right alloca redzone:    cb
==1996==ABORTING
